<?xml version="1.0" encoding="UTF-8"?>
<!-- Generated by org.testng.reporters.JUnitReportReporter -->
<testsuite hostname="DESKTOP-UABRI8V" failures="0" tests="1" name="selenium.Topic_Wait_1" time="1.690" errors="0" timestamp="30 Mar 2023 15:12:04 GMT" skipped="0">
  <testcase classname="selenium.Topic_Wait_1" name="wait_1" time="1.690"/>
</testsuite> <!-- selenium.Topic_Wait_1 -->
